/home/keanun65/.conda/envs/rlsim-env/lib/python3.10/site-packages/torch_geometric/__init__.py:4: UserWarning: An issue occurred while importing 'pyg-lib'. Disabling its usage. Stacktrace: /lib64/libm.so.6: version `GLIBC_2.29' not found (required by /orcd/home/002/keanun65/.conda/envs/rlsim-env/lib/python3.10/site-packages/libpyg.so)
  import torch_geometric.typing
/home/keanun65/.conda/envs/rlsim-env/lib/python3.10/site-packages/torch_geometric/__init__.py:4: UserWarning: An issue occurred while importing 'torch-sparse'. Disabling its usage. Stacktrace: /lib64/libm.so.6: version `GLIBC_2.29' not found (required by /orcd/home/002/keanun65/.conda/envs/rlsim-env/lib/python3.10/site-packages/libpyg.so)
  import torch_geometric.typing
INFO:TRAIN:  tstep : 0
INFO:TRAIN:  tstep : 1
INFO:TRAIN:  tstep : 2
INFO:TRAIN:  tstep : 3
INFO:TRAIN:  tstep : 4
INFO:TRAIN:  tstep : 5
INFO:TRAIN:  tstep : 6
INFO:TRAIN:  tstep : 7
INFO:TRAIN:  tstep : 8
INFO:TRAIN:  tstep : 9
INFO:TRAIN:  tstep : 10
INFO:TRAIN:  tstep : 11
INFO:TRAIN:  tstep : 12
INFO:TRAIN:  tstep : 13
INFO:TRAIN:  tstep : 14
INFO:TRAIN:  tstep : 15
INFO:TRAIN:  tstep : 16
INFO:TRAIN:  tstep : 17
INFO:TRAIN:  tstep : 18
INFO:TRAIN:  tstep : 19
INFO:TRAIN:  tstep : 20
INFO:TRAIN:  tstep : 21
INFO:TRAIN:  tstep : 22
INFO:TRAIN:  tstep : 23
INFO:TRAIN:  tstep : 24
INFO:TRAIN:  tstep : 25
INFO:TRAIN:  tstep : 26
INFO:TRAIN:  tstep : 27
INFO:TRAIN:  tstep : 28
INFO:TRAIN:  tstep : 29
INFO:TRAIN:  tstep : 30
INFO:TRAIN:  tstep : 31
INFO:TRAIN:  tstep : 32
INFO:TRAIN:  tstep : 33
INFO:TRAIN:  tstep : 34
INFO:TRAIN:  tstep : 35
INFO:TRAIN:  tstep : 36
INFO:TRAIN:  tstep : 37
INFO:TRAIN:  tstep : 38
INFO:TRAIN:  tstep : 39
INFO:TRAIN:  tstep : 40
INFO:TRAIN:  tstep : 41
INFO:TRAIN:  tstep : 42
INFO:TRAIN:  tstep : 43
INFO:TRAIN:  tstep : 44
INFO:TRAIN:  tstep : 45
INFO:TRAIN:  tstep : 46
INFO:TRAIN:  tstep : 47
INFO:TRAIN:  tstep : 48
INFO:TRAIN:  tstep : 49
INFO:TRAIN:   Loss : 0.020
INFO:TRAIN:Episode : 1, T : 300, alpha : 0.0, beta : 0.5, gamma : 0.9
INFO:TRAIN:  tstep : 0
INFO:TRAIN:  tstep : 1
INFO:TRAIN:  tstep : 2
INFO:TRAIN:  tstep : 3
INFO:TRAIN:  tstep : 4
INFO:TRAIN:  tstep : 5
INFO:TRAIN:  tstep : 6
INFO:TRAIN:  tstep : 7
INFO:TRAIN:  tstep : 8
INFO:TRAIN:  tstep : 9
INFO:TRAIN:  tstep : 10
INFO:TRAIN:  tstep : 11
INFO:TRAIN:  tstep : 12
INFO:TRAIN:  tstep : 13
INFO:TRAIN:  tstep : 14
INFO:TRAIN:  tstep : 15
INFO:TRAIN:  tstep : 16
INFO:TRAIN:  tstep : 17
INFO:TRAIN:  tstep : 18
INFO:TRAIN:  tstep : 19
INFO:TRAIN:  tstep : 20
INFO:TRAIN:  tstep : 21
INFO:TRAIN:  tstep : 22
INFO:TRAIN:  tstep : 23
INFO:TRAIN:  tstep : 24
INFO:TRAIN:  tstep : 25
INFO:TRAIN:  tstep : 26
INFO:TRAIN:  tstep : 27
INFO:TRAIN:  tstep : 28
INFO:TRAIN:  tstep : 29
INFO:TRAIN:  tstep : 30
INFO:TRAIN:  tstep : 31
INFO:TRAIN:  tstep : 32
INFO:TRAIN:  tstep : 33
INFO:TRAIN:  tstep : 34
INFO:TRAIN:  tstep : 35
INFO:TRAIN:  tstep : 36
INFO:TRAIN:  tstep : 37
INFO:TRAIN:  tstep : 38
INFO:TRAIN:  tstep : 39
INFO:TRAIN:  tstep : 40
INFO:TRAIN:  tstep : 41
INFO:TRAIN:  tstep : 42
INFO:TRAIN:  tstep : 43
INFO:TRAIN:  tstep : 44
INFO:TRAIN:  tstep : 45
INFO:TRAIN:  tstep : 46
INFO:TRAIN:  tstep : 47
INFO:TRAIN:  tstep : 48
INFO:TRAIN:  tstep : 49
INFO:TRAIN:   Loss : 0.021
INFO:TRAIN:Episode : 2, T : 900, alpha : 0.0, beta : 0.5, gamma : 0.9
INFO:TRAIN:  tstep : 0
INFO:TRAIN:  tstep : 1
INFO:TRAIN:  tstep : 2
INFO:TRAIN:  tstep : 3
INFO:TRAIN:  tstep : 4
INFO:TRAIN:  tstep : 5
INFO:TRAIN:  tstep : 6
INFO:TRAIN:  tstep : 7
INFO:TRAIN:  tstep : 8
INFO:TRAIN:  tstep : 9
INFO:TRAIN:  tstep : 10
INFO:TRAIN:  tstep : 11
INFO:TRAIN:  tstep : 12
INFO:TRAIN:  tstep : 13
INFO:TRAIN:  tstep : 14
INFO:TRAIN:  tstep : 15
INFO:TRAIN:  tstep : 16
INFO:TRAIN:  tstep : 17
INFO:TRAIN:  tstep : 18
INFO:TRAIN:  tstep : 19
INFO:TRAIN:  tstep : 20
INFO:TRAIN:  tstep : 21
INFO:TRAIN:  tstep : 22
INFO:TRAIN:  tstep : 23
INFO:TRAIN:  tstep : 24
[2026-06-10T20:01:00.025] error: *** JOB 15821576 ON node4302 CANCELLED AT 2026-06-10T20:01:00 DUE TO TIME LIMIT ***
